[ERROR] 22-09-2022 18:05:40 [main] [AllureLifecycle] - Could not start step: no test case running
[INFO] 22-09-2022 18:05:40 [main] [Log] - Loaded all properties files.
[ERROR] 22-09-2022 18:05:40 [main] [AllureLifecycle] - Could not update step: no step running
[ERROR] 22-09-2022 18:05:40 [main] [AllureLifecycle] - Could not stop step: no step running
[ERROR] 22-09-2022 18:05:40 [main] [AllureLifecycle] - Could not start step: no test case running
[INFO] 22-09-2022 18:05:40 [main] [Log] - Loaded all properties files.
[ERROR] 22-09-2022 18:05:40 [main] [AllureLifecycle] - Could not update step: no step running
[ERROR] 22-09-2022 18:05:40 [main] [AllureLifecycle] - Could not stop step: no step running
[INFO] 22-09-2022 18:05:41 [main] [Log] - Start suite: Regression Test CRM
[ERROR] 22-09-2022 18:05:41 [main] [AllureLifecycle] - Could not start step: no test case running
[INFO] 22-09-2022 18:05:41 [main] [Log] - Loaded all properties files.
[ERROR] 22-09-2022 18:05:41 [main] [AllureLifecycle] - Could not update step: no step running
[ERROR] 22-09-2022 18:05:41 [main] [AllureLifecycle] - Could not stop step: no step running
[INFO] 22-09-2022 18:05:41 [main] [Log] - Excel Path: C:\Users\zubai\Desktop\AutomationFrameworkSelenium-main\AutomationFrameworkSelenium-main\src/test/resources/testdata/ClientsDataExcel.xlsx
[INFO] 22-09-2022 18:05:43 [main] [Log] - Row: 3 - Column: 13
[INFO] 22-09-2022 18:05:43 [main] [Log] - StartRow: 1 - EndRow: 2
[INFO] 22-09-2022 18:05:45 [TestNG-PoolService-0] [WebDriverManager] - Using chromedriver 105.0.5195.52 (resolved driver for Chrome 105)
[INFO] 22-09-2022 18:05:45 [TestNG-PoolService-1] [WebDriverManager] - Using chromedriver 105.0.5195.52 (resolved driver for Chrome 105)
[INFO] 22-09-2022 18:05:45 [TestNG-PoolService-1] [WebDriverManager] - Exporting webdriver.chrome.driver as C:\Users\zubai\.cache\selenium\chromedriver\win32\105.0.5195.52\chromedriver.exe
[INFO] 22-09-2022 18:05:45 [TestNG-PoolService-0] [WebDriverManager] - Exporting webdriver.chrome.driver as C:\Users\zubai\.cache\selenium\chromedriver\win32\105.0.5195.52\chromedriver.exe
[INFO] 22-09-2022 18:05:48 [TestNG-PoolService-1] [Log] - Test case: testAddClient test is starting...
[INFO] 22-09-2022 18:05:48 [TestNG-PoolService-0] [Log] - Test case: testAddClient test is starting...
[INFO] 22-09-2022 18:05:48 [TestNG-PoolService-1] [Log] - Set Excel file src/test/resources/testdata/ClientsDataExcel.xlsx and selected Sheet: SignIn
[INFO] 22-09-2022 18:05:48 [TestNG-PoolService-0] [Log] - Set Excel file src/test/resources/testdata/ClientsDataExcel.xlsx and selected Sheet: SignIn
[INFO] 22-09-2022 18:05:52 [TestNG-PoolService-1] [Log] - Open URL: https://rise.fairsketch.com/signin
[INFO] 22-09-2022 18:05:52 [TestNG-PoolService-1] [Log] - Current URL: https://rise.fairsketch.com/signin
[INFO] 22-09-2022 18:05:52 [TestNG-PoolService-1] [Log] - Current Page Title: Sign in | RISE - Ultimate Project Manager and CRM
[INFO] 22-09-2022 18:05:54 [TestNG-PoolService-1] [Log] - Current URL: https://rise.fairsketch.com/dashboard/view
[INFO] 22-09-2022 18:05:58 [TestNG-PoolService-1] [Log] - JQuery is NOT Ready!
[INFO] 22-09-2022 18:06:01 [TestNG-PoolService-0] [Log] - Open URL: https://rise.fairsketch.com/signin
[INFO] 22-09-2022 18:06:01 [TestNG-PoolService-0] [Log] - Current URL: https://rise.fairsketch.com/signin
[INFO] 22-09-2022 18:06:01 [TestNG-PoolService-0] [Log] - Current Page Title: Sign in | RISE - Ultimate Project Manager and CRM
[INFO] 22-09-2022 18:06:03 [TestNG-PoolService-0] [Log] - Current URL: https://rise.fairsketch.com/dashboard/view
[INFO] 22-09-2022 18:06:06 [TestNG-PoolService-0] [Log] - JQuery is NOT Ready!
[INFO] 22-09-2022 18:06:09 [TestNG-PoolService-1] [Log] - Number of results for keyword (Anh Tester Client 1108A2): 1
[INFO] 22-09-2022 18:06:09 [TestNG-PoolService-1] [Log] - Row 1: true - Anh Tester Client 1108A2
[INFO] 22-09-2022 18:06:17 [TestNG-PoolService-0] [Log] - Number of results for keyword (Anh Tester Client 1108A1): 1
[INFO] 22-09-2022 18:06:18 [TestNG-PoolService-0] [Log] - Row 1: true - Anh Tester Client 1108A1
[INFO] 22-09-2022 18:06:18 [TestNG-PoolService-1] [Log] - Test case: testAddClient is passed.
[WARN] 22-09-2022 18:06:18 [AsyncHttpClient-1-7] [WebSocketHandler] - onError
java.net.SocketException: Connection reset
	at sun.nio.ch.SocketChannelImpl.throwConnectionReset(SocketChannelImpl.java:394) ~[?:?]
	at sun.nio.ch.SocketChannelImpl.read(SocketChannelImpl.java:426) ~[?:?]
	at io.netty.buffer.PooledByteBuf.setBytes(PooledByteBuf.java:258) ~[netty-buffer-4.1.78.Final.jar:4.1.78.Final]
	at io.netty.buffer.AbstractByteBuf.writeBytes(AbstractByteBuf.java:1132) ~[netty-buffer-4.1.78.Final.jar:4.1.78.Final]
	at io.netty.channel.socket.nio.NioSocketChannel.doReadBytes(NioSocketChannel.java:357) ~[netty-transport-4.1.78.Final.jar:4.1.78.Final]
	at io.netty.channel.nio.AbstractNioByteChannel$NioByteUnsafe.read(AbstractNioByteChannel.java:151) ~[netty-transport-4.1.78.Final.jar:4.1.78.Final]
	at io.netty.channel.nio.NioEventLoop.processSelectedKey(NioEventLoop.java:722) ~[netty-transport-4.1.78.Final.jar:4.1.78.Final]
	at io.netty.channel.nio.NioEventLoop.processSelectedKeysOptimized(NioEventLoop.java:658) ~[netty-transport-4.1.78.Final.jar:4.1.78.Final]
	at io.netty.channel.nio.NioEventLoop.processSelectedKeys(NioEventLoop.java:584) ~[netty-transport-4.1.78.Final.jar:4.1.78.Final]
	at io.netty.channel.nio.NioEventLoop.run(NioEventLoop.java:496) ~[netty-transport-4.1.78.Final.jar:4.1.78.Final]
	at io.netty.util.concurrent.SingleThreadEventExecutor$4.run(SingleThreadEventExecutor.java:997) ~[netty-common-4.1.78.Final.jar:4.1.78.Final]
	at io.netty.util.internal.ThreadExecutorMap$2.run(ThreadExecutorMap.java:74) ~[netty-common-4.1.78.Final.jar:4.1.78.Final]
	at io.netty.util.concurrent.FastThreadLocalRunnable.run(FastThreadLocalRunnable.java:30) ~[netty-common-4.1.78.Final.jar:4.1.78.Final]
	at java.lang.Thread.run(Thread.java:833) ~[?:?]
[INFO] 22-09-2022 18:06:33 [TestNG-PoolService-0] [Log] - Test case: testAddClient is passed.
[INFO] 22-09-2022 18:06:34 [main] [WebDriverManager] - Using chromedriver 105.0.5195.52 (resolved driver for Chrome 105)
[INFO] 22-09-2022 18:06:34 [main] [WebDriverManager] - Exporting webdriver.chrome.driver as C:\Users\zubai\.cache\selenium\chromedriver\win32\105.0.5195.52\chromedriver.exe
[INFO] 22-09-2022 18:06:35 [main] [Log] - Test case: testSearchClient test is starting...
[INFO] 22-09-2022 18:06:35 [main] [Log] - Set Excel file src/test/resources/testdata/ClientsDataExcel.xlsx and selected Sheet: SignIn
[INFO] 22-09-2022 18:06:43 [main] [Log] - Open URL: https://rise.fairsketch.com/signin
[INFO] 22-09-2022 18:06:43 [main] [Log] - Current URL: https://rise.fairsketch.com/signin
[INFO] 22-09-2022 18:06:43 [main] [Log] - Current Page Title: Sign in | RISE - Ultimate Project Manager and CRM
[INFO] 22-09-2022 18:06:46 [main] [Log] - Current URL: https://rise.fairsketch.com/dashboard/view
[INFO] 22-09-2022 18:06:49 [main] [Log] - JQuery is NOT Ready!
[INFO] 22-09-2022 18:06:56 [main] [Log] - Number of results for keyword (Schamberger Inc): 1
[INFO] 22-09-2022 18:06:56 [main] [Log] - Row 1: true - Schamberger Inc
[INFO] 22-09-2022 18:07:02 [main] [Log] - Number of results for keyword (Kassulke LLC): 1
[INFO] 22-09-2022 18:07:02 [main] [Log] - Row 1: true - Kassulke LLC
[INFO] 22-09-2022 18:07:02 [main] [Log] - Test case: testSearchClient is passed.
[INFO] 22-09-2022 18:07:02 [main] [Log] - End suite testing Regression Test CRM
[ERROR] 22-09-2022 18:10:00 [main] [AllureLifecycle] - Could not start step: no test case running
[INFO] 22-09-2022 18:10:00 [main] [Log] - Loaded all properties files.
[ERROR] 22-09-2022 18:10:00 [main] [AllureLifecycle] - Could not update step: no step running
[ERROR] 22-09-2022 18:10:00 [main] [AllureLifecycle] - Could not stop step: no step running
[ERROR] 22-09-2022 18:10:01 [main] [AllureLifecycle] - Could not start step: no test case running
[INFO] 22-09-2022 18:10:01 [main] [Log] - Loaded all properties files.
[ERROR] 22-09-2022 18:10:01 [main] [AllureLifecycle] - Could not update step: no step running
[ERROR] 22-09-2022 18:10:01 [main] [AllureLifecycle] - Could not stop step: no step running
[ERROR] 22-09-2022 18:10:01 [main] [AllureLifecycle] - Could not start step: no test case running
[INFO] 22-09-2022 18:10:01 [main] [Log] - Loaded all properties files.
[ERROR] 22-09-2022 18:10:01 [main] [AllureLifecycle] - Could not update step: no step running
[ERROR] 22-09-2022 18:10:01 [main] [AllureLifecycle] - Could not stop step: no step running
[ERROR] 22-09-2022 18:10:01 [main] [AllureLifecycle] - Could not start step: no test case running
[INFO] 22-09-2022 18:10:01 [main] [Log] - Loaded all properties files.
[ERROR] 22-09-2022 18:10:01 [main] [AllureLifecycle] - Could not update step: no step running
[ERROR] 22-09-2022 18:10:01 [main] [AllureLifecycle] - Could not stop step: no step running
[INFO] 22-09-2022 18:10:01 [main] [Log] - Start suite: Regression Tests Parallel methods
[ERROR] 22-09-2022 18:10:02 [TestNG-test=Chrome execution Client Test-1] [AllureLifecycle] - Could not start step: no test case running
[INFO] 22-09-2022 18:10:02 [TestNG-test=Chrome execution Client Test-1] [Log] - Loaded all properties files.
[ERROR] 22-09-2022 18:10:02 [TestNG-test=Chrome execution Client Test-1] [AllureLifecycle] - Could not update step: no step running
[ERROR] 22-09-2022 18:10:02 [TestNG-test=Chrome execution Client Test-1] [AllureLifecycle] - Could not stop step: no step running
[INFO] 22-09-2022 18:10:02 [TestNG-test=Chrome execution Client Test-1] [Log] - Excel Path: C:\Users\zubai\Desktop\AutomationFrameworkSelenium-main\AutomationFrameworkSelenium-main\src/test/resources/testdata/ClientsDataExcel.xlsx
[INFO] 22-09-2022 18:10:02 [TestNG-test=Chrome execution Client Test-2] [WebDriverManager] - Using chromedriver 105.0.5195.52 (resolved driver for Chrome 105)
[INFO] 22-09-2022 18:10:02 [TestNG-test=Chrome execution Client Test-3] [WebDriverManager] - Using chromedriver 105.0.5195.52 (resolved driver for Chrome 105)
[INFO] 22-09-2022 18:10:02 [TestNG-test=Chrome execution Client Test-2] [WebDriverManager] - Exporting webdriver.chrome.driver as C:\Users\zubai\.cache\selenium\chromedriver\win32\105.0.5195.52\chromedriver.exe
[INFO] 22-09-2022 18:10:02 [TestNG-test=Chrome execution Client Test-3] [WebDriverManager] - Exporting webdriver.chrome.driver as C:\Users\zubai\.cache\selenium\chromedriver\win32\105.0.5195.52\chromedriver.exe
[INFO] 22-09-2022 18:10:03 [TestNG-test=Chrome execution Client Test-1] [Log] - Row: 2 - Column: 6
[INFO] 22-09-2022 18:10:03 [TestNG-test=Chrome execution Client Test-1] [Log] - StartRow: 1 - EndRow: 2
[INFO] 22-09-2022 18:10:03 [TestNG-PoolService-0] [WebDriverManager] - Using chromedriver 105.0.5195.52 (resolved driver for Chrome 105)
[INFO] 22-09-2022 18:10:03 [TestNG-PoolService-1] [WebDriverManager] - Using chromedriver 105.0.5195.52 (resolved driver for Chrome 105)
[INFO] 22-09-2022 18:10:03 [TestNG-PoolService-0] [WebDriverManager] - Exporting webdriver.chrome.driver as C:\Users\zubai\.cache\selenium\chromedriver\win32\105.0.5195.52\chromedriver.exe
[INFO] 22-09-2022 18:10:03 [TestNG-PoolService-1] [WebDriverManager] - Exporting webdriver.chrome.driver as C:\Users\zubai\.cache\selenium\chromedriver\win32\105.0.5195.52\chromedriver.exe
[INFO] 22-09-2022 18:10:07 [TestNG-PoolService-0] [Log] - Test case: signInTestDataProvider test is starting...
[INFO] 22-09-2022 18:10:07 [TestNG-test=Chrome execution Client Test-2] [Log] - Test case: signInTestAdminRole test is starting...
[INFO] 22-09-2022 18:10:07 [TestNG-PoolService-1] [Log] - Test case: signInTestDataProvider test is starting...
[INFO] 22-09-2022 18:10:07 [TestNG-test=Chrome execution Client Test-3] [Log] - Test case: signInTestClientRole test is starting...
[ERROR] 22-09-2022 18:10:07 [TestNG-test=Chrome execution Client Test-2] [Log] - Can't open workbook - unsupported file type: UNKNOWN
[ERROR] 22-09-2022 18:10:07 [TestNG-test=Chrome execution Client Test-3] [Log] - Truncated ZIP file
[INFO] 22-09-2022 18:10:23 [TestNG-test=Chrome execution Client Test-3] [Log] - Open URL: https://rise.fairsketch.com/signin
[INFO] 22-09-2022 18:10:23 [TestNG-test=Chrome execution Client Test-3] [Log] - Current URL: https://rise.fairsketch.com/signin
[INFO] 22-09-2022 18:10:23 [TestNG-test=Chrome execution Client Test-3] [Log] - Current Page Title: Sign in | RISE - Ultimate Project Manager and CRM
[INFO] 22-09-2022 18:10:24 [TestNG-PoolService-1] [Log] - Open URL: https://rise.fairsketch.com/signin
[INFO] 22-09-2022 18:10:24 [TestNG-PoolService-1] [Log] - Current URL: https://rise.fairsketch.com/signin
[ERROR] 22-09-2022 18:10:24 [TestNG-test=Chrome execution Client Test-3] [Log] - Test case: signInTestClientRole is failed.
[INFO] 22-09-2022 18:10:24 [TestNG-test=Chrome execution Client Test-3] [Log] - No Folder: C:\Users\zubai\Desktop\AutomationFrameworkSelenium-main\AutomationFrameworkSelenium-main\ExportData/Images
[INFO] 22-09-2022 18:10:24 [TestNG-test=Chrome execution Client Test-3] [Log] - Folder created: C:\Users\zubai\Desktop\AutomationFrameworkSelenium-main\AutomationFrameworkSelenium-main\ExportData\Images
[INFO] 22-09-2022 18:10:24 [TestNG-test=Chrome execution Client Test-3] [Log] - Driver for Screenshot: ChromeDriver: chrome on WINDOWS (6dba2cca40b03b87290a3f09af2ac3b0)
[INFO] 22-09-2022 18:10:24 [TestNG-PoolService-1] [Log] - Current Page Title: Sign in | RISE - Ultimate Project Manager and CRM
[INFO] 22-09-2022 18:10:26 [TestNG-test=Chrome execution Client Test-3] [Log] - Screenshot taken: signInTestClientRole
[INFO] 22-09-2022 18:10:26 [TestNG-test=Chrome execution Client Test-3] [Log] - Screenshot taken current URL: https://rise.fairsketch.com/signin
[ERROR] 22-09-2022 18:10:26 [TestNG-test=Chrome execution Client Test-3] [Log] - FAILED !! Screenshot for test case: signInTestClientRole
[ERROR] 22-09-2022 18:10:26 [TestNG-test=Chrome execution Client Test-3] [Log] - java.lang.NullPointerException: Cannot invoke "java.lang.Integer.intValue()" because the return value of "java.util.Map.get(Object)" is null
[INFO] 22-09-2022 18:10:26 [TestNG-test=Chrome execution Client Test-2] [Log] - Open URL: https://rise.fairsketch.com/signin
[INFO] 22-09-2022 18:10:26 [TestNG-test=Chrome execution Client Test-2] [Log] - Current URL: https://rise.fairsketch.com/signin
[INFO] 22-09-2022 18:10:26 [TestNG-test=Chrome execution Client Test-2] [Log] - Current Page Title: Sign in | RISE - Ultimate Project Manager and CRM
[ERROR] 22-09-2022 18:10:26 [TestNG-test=Chrome execution Client Test-2] [Log] - Test case: signInTestAdminRole is failed.
[INFO] 22-09-2022 18:10:26 [TestNG-test=Chrome execution Client Test-2] [Log] - Driver for Screenshot: ChromeDriver: chrome on WINDOWS (c22c47e66d7ebda42dd0c27bacf64e9a)
[INFO] 22-09-2022 18:10:28 [TestNG-test=Chrome execution Client Test-2] [Log] - Screenshot taken: signInTestAdminRole
[INFO] 22-09-2022 18:10:28 [TestNG-test=Chrome execution Client Test-2] [Log] - Screenshot taken current URL: https://rise.fairsketch.com/signin
[ERROR] 22-09-2022 18:10:28 [TestNG-test=Chrome execution Client Test-2] [Log] - FAILED !! Screenshot for test case: signInTestAdminRole
[ERROR] 22-09-2022 18:10:28 [TestNG-test=Chrome execution Client Test-2] [Log] - java.lang.NullPointerException: Cannot invoke "java.lang.Integer.intValue()" because the return value of "java.util.Map.get(Object)" is null
[INFO] 22-09-2022 18:10:28 [TestNG-PoolService-1] [Log] - Current URL: https://rise.fairsketch.com/dashboard
[INFO] 22-09-2022 18:10:28 [TestNG-PoolService-1] [Log] - Test case: signInTestDataProvider is passed.
[INFO] 22-09-2022 18:10:32 [TestNG-PoolService-0] [Log] - Open URL: https://rise.fairsketch.com/signin
[INFO] 22-09-2022 18:10:32 [TestNG-PoolService-0] [Log] - Current URL: https://rise.fairsketch.com/signin
[INFO] 22-09-2022 18:10:32 [TestNG-PoolService-0] [Log] - Current Page Title: Sign in | RISE - Ultimate Project Manager and CRM
[INFO] 22-09-2022 18:10:37 [TestNG-PoolService-0] [Log] - Current URL: https://rise.fairsketch.com/dashboard
[INFO] 22-09-2022 18:10:37 [TestNG-PoolService-0] [Log] - Test case: signInTestDataProvider is passed.
[INFO] 22-09-2022 18:10:37 [main] [Log] - End suite testing Regression Tests Parallel methods
[ERROR] 22-09-2022 18:10:39 [main] [AllureLifecycle] - Could not start step: no test case running
[INFO] 22-09-2022 18:10:39 [main] [Log] - Loaded all properties files.
[ERROR] 22-09-2022 18:10:39 [main] [AllureLifecycle] - Could not update step: no step running
[ERROR] 22-09-2022 18:10:39 [main] [AllureLifecycle] - Could not stop step: no step running
[INFO] 22-09-2022 18:10:39 [main] [Log] - Start suite: Regression Tests Parallel
[ERROR] 22-09-2022 18:10:39 [TestNG-test=Chrome execution Client Test-1] [AllureLifecycle] - Could not start step: no test case running
[ERROR] 22-09-2022 18:10:39 [TestNG-test=Edge execution Client Test-1] [AllureLifecycle] - Could not start step: no test case running
[INFO] 22-09-2022 18:10:39 [TestNG-test=Edge execution Client Test-1] [Log] - Loaded all properties files.
[INFO] 22-09-2022 18:10:39 [TestNG-test=Chrome execution Client Test-1] [Log] - Loaded all properties files.
[ERROR] 22-09-2022 18:10:39 [TestNG-test=Edge execution Client Test-1] [AllureLifecycle] - Could not update step: no step running
[ERROR] 22-09-2022 18:10:39 [TestNG-test=Edge execution Client Test-1] [AllureLifecycle] - Could not stop step: no step running
[ERROR] 22-09-2022 18:10:39 [TestNG-test=Chrome execution Client Test-1] [AllureLifecycle] - Could not update step: no step running
[INFO] 22-09-2022 18:10:39 [TestNG-test=Edge execution Client Test-1] [Log] - Excel Path: C:\Users\zubai\Desktop\AutomationFrameworkSelenium-main\AutomationFrameworkSelenium-main\src/test/resources/testdata/ClientsDataExcel.xlsx
[ERROR] 22-09-2022 18:10:39 [TestNG-test=Chrome execution Client Test-1] [AllureLifecycle] - Could not stop step: no step running
[INFO] 22-09-2022 18:10:39 [TestNG-test=Chrome execution Client Test-1] [Log] - Excel Path: C:\Users\zubai\Desktop\AutomationFrameworkSelenium-main\AutomationFrameworkSelenium-main\src/test/resources/testdata/ClientsDataExcel.xlsx
[INFO] 22-09-2022 18:10:39 [TestNG-test=Chrome execution Client Test-2] [WebDriverManager] - Using chromedriver 105.0.5195.52 (resolved driver for Chrome 105)
[INFO] 22-09-2022 18:10:39 [TestNG-test=Chrome execution Client Test-2] [WebDriverManager] - Exporting webdriver.chrome.driver as C:\Users\zubai\.cache\selenium\chromedriver\win32\105.0.5195.52\chromedriver.exe
[INFO] 22-09-2022 18:10:39 [TestNG-test=Chrome execution Client Test-1] [Log] - Row: 3 - Column: 13
[INFO] 22-09-2022 18:10:39 [TestNG-test=Chrome execution Client Test-1] [Log] - StartRow: 1 - EndRow: 2
[INFO] 22-09-2022 18:10:39 [TestNG-test=Edge execution Client Test-1] [Log] - Row: 3 - Column: 13
[INFO] 22-09-2022 18:10:39 [TestNG-test=Edge execution Client Test-1] [Log] - StartRow: 1 - EndRow: 2
[INFO] 22-09-2022 18:10:39 [TestNG-PoolService-1] [WebDriverManager] - Using chromedriver 105.0.5195.52 (resolved driver for Chrome 105)
[INFO] 22-09-2022 18:10:39 [TestNG-PoolService-0] [WebDriverManager] - Using chromedriver 105.0.5195.52 (resolved driver for Chrome 105)
[INFO] 22-09-2022 18:10:39 [TestNG-PoolService-0] [WebDriverManager] - Exporting webdriver.chrome.driver as C:\Users\zubai\.cache\selenium\chromedriver\win32\105.0.5195.52\chromedriver.exe
[INFO] 22-09-2022 18:10:39 [TestNG-PoolService-1] [WebDriverManager] - Exporting webdriver.chrome.driver as C:\Users\zubai\.cache\selenium\chromedriver\win32\105.0.5195.52\chromedriver.exe
[INFO] 22-09-2022 18:10:40 [TestNG-test=Chrome execution Client Test-2] [Log] - Test case: testSearchClient test is starting...
[INFO] 22-09-2022 18:10:40 [TestNG-test=Chrome execution Client Test-2] [Log] - Set Excel file src/test/resources/testdata/ClientsDataExcel.xlsx and selected Sheet: SignIn
[INFO] 22-09-2022 18:10:41 [TestNG-PoolService-1] [Log] - Test case: testAddClient test is starting...
[INFO] 22-09-2022 18:10:41 [TestNG-PoolService-0] [Log] - Test case: testAddClient test is starting...
[INFO] 22-09-2022 18:10:41 [TestNG-PoolService-1] [Log] - Set Excel file src/test/resources/testdata/ClientsDataExcel.xlsx and selected Sheet: SignIn
[INFO] 22-09-2022 18:10:41 [TestNG-PoolService-0] [Log] - Set Excel file src/test/resources/testdata/ClientsDataExcel.xlsx and selected Sheet: SignIn
[INFO] 22-09-2022 18:10:44 [TestNG-test=Edge execution Client Test-2] [WebDriverManager] - Using msedgedriver 105.0.1343.42 (resolved driver for Edge 105)
[INFO] 22-09-2022 18:10:44 [TestNG-PoolService-0] [WebDriverManager] - Using msedgedriver 105.0.1343.42 (resolved driver for Edge 105)
[INFO] 22-09-2022 18:10:44 [TestNG-PoolService-1] [WebDriverManager] - Using msedgedriver 105.0.1343.42 (resolved driver for Edge 105)
[INFO] 22-09-2022 18:10:44 [TestNG-test=Edge execution Client Test-2] [WebDriverManager] - Reading https://msedgedriver.azureedge.net/?restype=container&comp=list to seek msedgedriver
[INFO] 22-09-2022 18:10:44 [TestNG-PoolService-0] [WebDriverManager] - Reading https://msedgedriver.azureedge.net/?restype=container&comp=list to seek msedgedriver
[INFO] 22-09-2022 18:10:44 [TestNG-PoolService-1] [WebDriverManager] - Reading https://msedgedriver.azureedge.net/?restype=container&comp=list to seek msedgedriver
[INFO] 22-09-2022 18:10:57 [TestNG-PoolService-0] [Log] - Open URL: https://rise.fairsketch.com/signin
[INFO] 22-09-2022 18:10:57 [TestNG-PoolService-0] [Log] - Current URL: https://rise.fairsketch.com/signin
[INFO] 22-09-2022 18:10:57 [TestNG-PoolService-0] [Log] - Current Page Title: Sign in | RISE - Ultimate Project Manager and CRM
[INFO] 22-09-2022 18:10:59 [TestNG-test=Chrome execution Client Test-2] [Log] - Open URL: https://rise.fairsketch.com/signin
[INFO] 22-09-2022 18:10:59 [TestNG-test=Chrome execution Client Test-2] [Log] - Current URL: https://rise.fairsketch.com/signin
[INFO] 22-09-2022 18:10:59 [TestNG-test=Chrome execution Client Test-2] [Log] - Current Page Title: Sign in | RISE - Ultimate Project Manager and CRM
[INFO] 22-09-2022 18:11:00 [TestNG-PoolService-1] [Log] - Open URL: https://rise.fairsketch.com/signin
[INFO] 22-09-2022 18:11:00 [TestNG-PoolService-1] [Log] - Current URL: https://rise.fairsketch.com/signin
[INFO] 22-09-2022 18:11:00 [TestNG-PoolService-1] [Log] - Current Page Title: Sign in | RISE - Ultimate Project Manager and CRM
[INFO] 22-09-2022 18:11:01 [TestNG-PoolService-0] [Log] - Current URL: https://rise.fairsketch.com/dashboard
[INFO] 22-09-2022 18:11:04 [TestNG-test=Chrome execution Client Test-2] [Log] - Current URL: https://rise.fairsketch.com/dashboard
[INFO] 22-09-2022 18:11:05 [TestNG-PoolService-0] [Log] - JQuery is NOT Ready!
[INFO] 22-09-2022 18:11:05 [TestNG-PoolService-1] [Log] - Current URL: https://rise.fairsketch.com/dashboard
[INFO] 22-09-2022 18:11:07 [TestNG-PoolService-1] [Downloader] - Downloading https://msedgedriver.azureedge.net/105.0.1343.42/edgedriver_win64.zip
[INFO] 22-09-2022 18:11:09 [TestNG-test=Chrome execution Client Test-2] [Log] - JQuery is NOT Ready!
[INFO] 22-09-2022 18:11:09 [TestNG-test=Edge execution Client Test-2] [Downloader] - Downloading https://msedgedriver.azureedge.net/105.0.1343.42/edgedriver_win64.zip
[INFO] 22-09-2022 18:11:10 [TestNG-PoolService-1] [Log] - JQuery is NOT Ready!
[INFO] 22-09-2022 18:11:11 [TestNG-PoolService-0] [Downloader] - Downloading https://msedgedriver.azureedge.net/105.0.1343.42/edgedriver_win64.zip
[INFO] 22-09-2022 18:11:16 [TestNG-test=Chrome execution Client Test-2] [Log] - Number of results for keyword (Schamberger Inc): 1
[INFO] 22-09-2022 18:11:16 [TestNG-test=Chrome execution Client Test-2] [Log] - Row 1: true - Schamberger Inc
[INFO] 22-09-2022 18:11:18 [TestNG-PoolService-0] [Log] - Number of results for keyword (Anh Tester Client 1108A1): 10
[INFO] 22-09-2022 18:11:18 [TestNG-PoolService-0] [Log] - Row 1: false - Demo Client
[ERROR] 22-09-2022 18:11:18 [TestNG-PoolService-0] [Log] - Test case: testAddClient is failed.
[INFO] 22-09-2022 18:11:18 [TestNG-PoolService-0] [Log] - Driver for Screenshot: ChromeDriver: chrome on WINDOWS (d9ebc51b8d2321214b770314cfb6081f)
[INFO] 22-09-2022 18:11:19 [TestNG-PoolService-0] [Log] - Screenshot taken: testAddClient
[INFO] 22-09-2022 18:11:19 [TestNG-PoolService-0] [Log] - Screenshot taken current URL: https://rise.fairsketch.com/clients
[ERROR] 22-09-2022 18:11:19 [TestNG-PoolService-0] [Log] - FAILED !! Screenshot for test case: testAddClient
[ERROR] 22-09-2022 18:11:19 [TestNG-PoolService-0] [Log] - java.lang.AssertionError: Row 1 (Demo Client) contains no value: Anh Tester Client 1108A1 expected [true] but found [false]
[INFO] 22-09-2022 18:11:22 [TestNG-test=Chrome execution Client Test-2] [Log] - Number of results for keyword (Kassulke LLC): 1
[INFO] 22-09-2022 18:11:22 [TestNG-test=Chrome execution Client Test-2] [Log] - Row 1: true - Kassulke LLC
[INFO] 22-09-2022 18:11:22 [TestNG-test=Chrome execution Client Test-2] [Log] - Test case: testSearchClient is passed.
[INFO] 22-09-2022 18:11:24 [TestNG-PoolService-1] [Log] - Number of results for keyword (Anh Tester Client 1108A2): 2
[INFO] 22-09-2022 18:11:24 [TestNG-PoolService-1] [Log] - Row 1: true - Anh Tester Client 1108A2
[INFO] 22-09-2022 18:11:24 [TestNG-PoolService-1] [Log] - Row 2: true - Anh Tester Client 1108A2
[INFO] 22-09-2022 18:11:41 [TestNG-PoolService-1] [Log] - Test case: testAddClient is passed.
[INFO] 22-09-2022 18:11:42 [TestNG-PoolService-1] [Downloader] - Extracting driver from compressed file edgedriver_win64.zip
[INFO] 22-09-2022 18:11:42 [TestNG-PoolService-1] [WebDriverManager] - Exporting webdriver.edge.driver as C:\Users\zubai\.cache\selenium\msedgedriver\win64\105.0.1343.42\msedgedriver.exe
[INFO] 22-09-2022 18:11:43 [TestNG-PoolService-0] [Downloader] - Extracting driver from compressed file edgedriver_win64.zip
[INFO] 22-09-2022 18:11:43 [TestNG-test=Edge execution Client Test-2] [Downloader] - Extracting driver from compressed file edgedriver_win64.zip
[INFO] 22-09-2022 18:11:43 [TestNG-PoolService-0] [WebDriverManager] - Exporting webdriver.edge.driver as C:\Users\zubai\.cache\selenium\msedgedriver\win64\105.0.1343.42\msedgedriver.exe
[INFO] 22-09-2022 18:11:43 [TestNG-PoolService-1] [Log] - Test case: testAddClient test is starting...
[INFO] 22-09-2022 18:11:43 [TestNG-PoolService-1] [Log] - Set Excel file src/test/resources/testdata/ClientsDataExcel.xlsx and selected Sheet: SignIn
[INFO] 22-09-2022 18:11:43 [TestNG-test=Edge execution Client Test-2] [WebDriverManager] - Exporting webdriver.edge.driver as C:\Users\zubai\.cache\selenium\msedgedriver\win64\105.0.1343.42\msedgedriver.exe
[INFO] 22-09-2022 18:11:46 [TestNG-PoolService-0] [Log] - Test case: testAddClient test is starting...
[INFO] 22-09-2022 18:11:46 [TestNG-PoolService-0] [Log] - Set Excel file src/test/resources/testdata/ClientsDataExcel.xlsx and selected Sheet: SignIn
[INFO] 22-09-2022 18:11:46 [TestNG-test=Edge execution Client Test-2] [Log] - Test case: testSearchClient test is starting...
[INFO] 22-09-2022 18:11:46 [TestNG-test=Edge execution Client Test-2] [Log] - Set Excel file src/test/resources/testdata/ClientsDataExcel.xlsx and selected Sheet: SignIn
[INFO] 22-09-2022 18:11:53 [TestNG-PoolService-1] [Log] - Open URL: https://rise.fairsketch.com/signin
[INFO] 22-09-2022 18:11:53 [TestNG-PoolService-1] [Log] - Current URL: https://rise.fairsketch.com/signin
[INFO] 22-09-2022 18:11:53 [TestNG-PoolService-1] [Log] - Current Page Title: Sign in | RISE - Ultimate Project Manager and CRM
[INFO] 22-09-2022 18:11:54 [TestNG-test=Edge execution Client Test-2] [Log] - Open URL: https://rise.fairsketch.com/signin
[INFO] 22-09-2022 18:11:55 [TestNG-test=Edge execution Client Test-2] [Log] - Current URL: https://rise.fairsketch.com/signin
[INFO] 22-09-2022 18:11:55 [TestNG-test=Edge execution Client Test-2] [Log] - Current Page Title: Sign in | RISE - Ultimate Project Manager and CRM
[INFO] 22-09-2022 18:11:56 [TestNG-PoolService-1] [Log] - Current URL: https://rise.fairsketch.com/dashboard
[INFO] 22-09-2022 18:11:57 [TestNG-test=Edge execution Client Test-2] [Log] - Current URL: https://rise.fairsketch.com/dashboard
[INFO] 22-09-2022 18:11:59 [TestNG-PoolService-0] [Log] - Open URL: https://rise.fairsketch.com/signin
[INFO] 22-09-2022 18:11:59 [TestNG-PoolService-1] [Log] - JQuery is NOT Ready!
[INFO] 22-09-2022 18:11:59 [TestNG-PoolService-0] [Log] - Current URL: https://rise.fairsketch.com/signin
[INFO] 22-09-2022 18:11:59 [TestNG-PoolService-0] [Log] - Current Page Title: Sign in | RISE - Ultimate Project Manager and CRM
[INFO] 22-09-2022 18:12:00 [TestNG-test=Edge execution Client Test-2] [Log] - JQuery is NOT Ready!
[INFO] 22-09-2022 18:12:02 [TestNG-PoolService-0] [Log] - Current URL: https://rise.fairsketch.com/dashboard
[INFO] 22-09-2022 18:12:05 [TestNG-PoolService-0] [Log] - JQuery is NOT Ready!
[INFO] 22-09-2022 18:12:07 [TestNG-test=Edge execution Client Test-2] [Log] - Number of results for keyword (Schamberger Inc): 1
[INFO] 22-09-2022 18:12:07 [TestNG-test=Edge execution Client Test-2] [Log] - Row 1: true - Schamberger Inc
[INFO] 22-09-2022 18:12:10 [TestNG-PoolService-1] [Log] - Number of results for keyword (Anh Tester Client 1108A2): 3
[INFO] 22-09-2022 18:12:10 [TestNG-PoolService-1] [Log] - Row 1: true - Anh Tester Client 1108A2
[INFO] 22-09-2022 18:12:10 [TestNG-PoolService-1] [Log] - Row 2: true - Anh Tester Client 1108A2
[INFO] 22-09-2022 18:12:11 [TestNG-PoolService-1] [Log] - Row 3: true - Anh Tester Client 1108A2
[INFO] 22-09-2022 18:12:13 [TestNG-test=Edge execution Client Test-2] [Log] - Number of results for keyword (Kassulke LLC): 1
[INFO] 22-09-2022 18:12:13 [TestNG-test=Edge execution Client Test-2] [Log] - Row 1: true - Kassulke LLC
[INFO] 22-09-2022 18:12:13 [TestNG-test=Edge execution Client Test-2] [Log] - Test case: testSearchClient is passed.
[INFO] 22-09-2022 18:12:16 [TestNG-PoolService-0] [Log] - Number of results for keyword (Anh Tester Client 1108A1): 3
[INFO] 22-09-2022 18:12:16 [TestNG-PoolService-0] [Log] - Row 1: true - Anh Tester Client 1108A1
[INFO] 22-09-2022 18:12:16 [TestNG-PoolService-0] [Log] - Row 2: true - Anh Tester Client 1108A1
[INFO] 22-09-2022 18:12:16 [TestNG-PoolService-0] [Log] - Row 3: true - Anh Tester Client 1108A1
[INFO] 22-09-2022 18:12:19 [TestNG-PoolService-1] [Log] - Test case: testAddClient is passed.
[INFO] 22-09-2022 18:12:24 [TestNG-PoolService-0] [Log] - Test case: testAddClient is passed.
[INFO] 22-09-2022 18:12:25 [main] [Log] - End suite testing Regression Tests Parallel
